{"total": {"lines":{"total":10267,"covered":9737,"skipped":0,"pct":94.83},"statements":{"total":10267,"covered":9737,"skipped":0,"pct":94.83},"functions":{"total":217,"covered":211,"skipped":0,"pct":97.23},"branches":{"total":1857,"covered":1467,"skipped":0,"pct":78.99},"branchesTrue":{"total":0,"covered":0,"skipped":0,"pct":100}}
,"C:\\Users\\constantinos\\Documents\\code\\DSF\\govcy-express-services\\src\\index.mjs": {"lines":{"total":402,"covered":371,"skipped":0,"pct":92.28},"functions":{"total":4,"covered":3,"skipped":0,"pct":75},"statements":{"total":402,"covered":371,"skipped":0,"pct":92.28},"branches":{"total":9,"covered":6,"skipped":0,"pct":66.66}}
,"C:\\Users\\constantinos\\Documents\\code\\DSF\\govcy-express-services\\src\\auth\\cyLoginAuth.mjs": {"lines":{"total":134,"covered":134,"skipped":0,"pct":100},"functions":{"total":4,"covered":4,"skipped":0,"pct":100},"statements":{"total":134,"covered":134,"skipped":0,"pct":100},"branches":{"total":7,"covered":7,"skipped":0,"pct":100}}
,"C:\\Users\\constantinos\\Documents\\code\\DSF\\govcy-express-services\\src\\middleware\\cyLoginAuth.mjs": {"lines":{"total":196,"covered":196,"skipped":0,"pct":100},"functions":{"total":8,"covered":8,"skipped":0,"pct":100},"statements":{"total":196,"covered":196,"skipped":0,"pct":100},"branches":{"total":37,"covered":37,"skipped":0,"pct":100}}
,"C:\\Users\\constantinos\\Documents\\code\\DSF\\govcy-express-services\\src\\middleware\\govcyConfigSiteData.mjs": {"lines":{"total":42,"covered":36,"skipped":0,"pct":85.71},"functions":{"total":1,"covered":1,"skipped":0,"pct":100},"statements":{"total":42,"covered":36,"skipped":0,"pct":85.71},"branches":{"total":6,"covered":5,"skipped":0,"pct":83.33}}
,"C:\\Users\\constantinos\\Documents\\code\\DSF\\govcy-express-services\\src\\middleware\\govcyCsrf.mjs": {"lines":{"total":50,"covered":50,"skipped":0,"pct":100},"functions":{"total":3,"covered":3,"skipped":0,"pct":100},"statements":{"total":50,"covered":50,"skipped":0,"pct":100},"branches":{"total":14,"covered":14,"skipped":0,"pct":100}}
,"C:\\Users\\constantinos\\Documents\\code\\DSF\\govcy-express-services\\src\\middleware\\govcyFileDeleteHandler.mjs": {"lines":{"total":352,"covered":339,"skipped":0,"pct":96.3},"functions":{"total":2,"covered":2,"skipped":0,"pct":100},"statements":{"total":352,"covered":339,"skipped":0,"pct":96.3},"branches":{"total":76,"covered":62,"skipped":0,"pct":81.57}}
,"C:\\Users\\constantinos\\Documents\\code\\DSF\\govcy-express-services\\src\\middleware\\govcyFileUpload.mjs": {"lines":{"total":51,"covered":51,"skipped":0,"pct":100},"functions":{"total":1,"covered":1,"skipped":0,"pct":100},"statements":{"total":51,"covered":51,"skipped":0,"pct":100},"branches":{"total":1,"covered":1,"skipped":0,"pct":100}}
,"C:\\Users\\constantinos\\Documents\\code\\DSF\\govcy-express-services\\src\\middleware\\govcyFileViewHandler.mjs": {"lines":{"total":185,"covered":179,"skipped":0,"pct":96.75},"functions":{"total":3,"covered":3,"skipped":0,"pct":100},"statements":{"total":185,"covered":179,"skipped":0,"pct":96.75},"branches":{"total":57,"covered":47,"skipped":0,"pct":82.45}}
,"C:\\Users\\constantinos\\Documents\\code\\DSF\\govcy-express-services\\src\\middleware\\govcyFormsPostHandler.mjs": {"lines":{"total":128,"covered":121,"skipped":0,"pct":94.53},"functions":{"total":1,"covered":1,"skipped":0,"pct":100},"statements":{"total":128,"covered":121,"skipped":0,"pct":94.53},"branches":{"total":24,"covered":20,"skipped":0,"pct":83.33}}
,"C:\\Users\\constantinos\\Documents\\code\\DSF\\govcy-express-services\\src\\middleware\\govcyHeadersControl.mjs": {"lines":{"total":22,"covered":22,"skipped":0,"pct":100},"functions":{"total":1,"covered":1,"skipped":0,"pct":100},"statements":{"total":22,"covered":22,"skipped":0,"pct":100},"branches":{"total":2,"covered":2,"skipped":0,"pct":100}}
,"C:\\Users\\constantinos\\Documents\\code\\DSF\\govcy-express-services\\src\\middleware\\govcyHttpErrorHandler.mjs": {"lines":{"total":75,"covered":71,"skipped":0,"pct":94.66},"functions":{"total":1,"covered":1,"skipped":0,"pct":100},"statements":{"total":75,"covered":71,"skipped":0,"pct":94.66},"branches":{"total":15,"covered":12,"skipped":0,"pct":80}}
,"C:\\Users\\constantinos\\Documents\\code\\DSF\\govcy-express-services\\src\\middleware\\govcyLanguageMiddleware.mjs": {"lines":{"total":19,"covered":19,"skipped":0,"pct":100},"functions":{"total":1,"covered":1,"skipped":0,"pct":100},"statements":{"total":19,"covered":19,"skipped":0,"pct":100},"branches":{"total":5,"covered":5,"skipped":0,"pct":100}}
,"C:\\Users\\constantinos\\Documents\\code\\DSF\\govcy-express-services\\src\\middleware\\govcyLoadSubmissionData.mjs": {"lines":{"total":22,"covered":22,"skipped":0,"pct":100},"functions":{"total":1,"covered":1,"skipped":0,"pct":100},"statements":{"total":22,"covered":22,"skipped":0,"pct":100},"branches":{"total":4,"covered":4,"skipped":0,"pct":100}}
,"C:\\Users\\constantinos\\Documents\\code\\DSF\\govcy-express-services\\src\\middleware\\govcyLogger.mjs": {"lines":{"total":15,"covered":15,"skipped":0,"pct":100},"functions":{"total":1,"covered":1,"skipped":0,"pct":100},"statements":{"total":15,"covered":15,"skipped":0,"pct":100},"branches":{"total":2,"covered":2,"skipped":0,"pct":100}}
,"C:\\Users\\constantinos\\Documents\\code\\DSF\\govcy-express-services\\src\\middleware\\govcyManifestHandler.mjs": {"lines":{"total":46,"covered":46,"skipped":0,"pct":100},"functions":{"total":1,"covered":1,"skipped":0,"pct":100},"statements":{"total":46,"covered":46,"skipped":0,"pct":100},"branches":{"total":4,"covered":4,"skipped":0,"pct":100}}
,"C:\\Users\\constantinos\\Documents\\code\\DSF\\govcy-express-services\\src\\middleware\\govcyMultipleThingsDeleteHandler.mjs": {"lines":{"total":233,"covered":220,"skipped":0,"pct":94.42},"functions":{"total":2,"covered":2,"skipped":0,"pct":100},"statements":{"total":233,"covered":220,"skipped":0,"pct":94.42},"branches":{"total":50,"covered":42,"skipped":0,"pct":84}}
,"C:\\Users\\constantinos\\Documents\\code\\DSF\\govcy-express-services\\src\\middleware\\govcyMultipleThingsHubHandler.mjs": {"lines":{"total":246,"covered":225,"skipped":0,"pct":91.46},"functions":{"total":1,"covered":1,"skipped":0,"pct":100},"statements":{"total":246,"covered":225,"skipped":0,"pct":91.46},"branches":{"total":47,"covered":30,"skipped":0,"pct":63.82}}
,"C:\\Users\\constantinos\\Documents\\code\\DSF\\govcy-express-services\\src\\middleware\\govcyMultipleThingsItemPage.mjs": {"lines":{"total":460,"covered":410,"skipped":0,"pct":89.13},"functions":{"total":5,"covered":5,"skipped":0,"pct":100},"statements":{"total":460,"covered":410,"skipped":0,"pct":89.13},"branches":{"total":105,"covered":74,"skipped":0,"pct":70.47}}
,"C:\\Users\\constantinos\\Documents\\code\\DSF\\govcy-express-services\\src\\middleware\\govcyPDFRender.mjs": {"lines":{"total":34,"covered":34,"skipped":0,"pct":100},"functions":{"total":1,"covered":1,"skipped":0,"pct":100},"statements":{"total":34,"covered":34,"skipped":0,"pct":100},"branches":{"total":2,"covered":2,"skipped":0,"pct":100}}
,"C:\\Users\\constantinos\\Documents\\code\\DSF\\govcy-express-services\\src\\middleware\\govcyPageHandler.mjs": {"lines":{"total":138,"covered":131,"skipped":0,"pct":94.92},"functions":{"total":1,"covered":1,"skipped":0,"pct":100},"statements":{"total":138,"covered":131,"skipped":0,"pct":94.92},"branches":{"total":21,"covered":17,"skipped":0,"pct":80.95}}
,"C:\\Users\\constantinos\\Documents\\code\\DSF\\govcy-express-services\\src\\middleware\\govcyPageRender.mjs": {"lines":{"total":32,"covered":32,"skipped":0,"pct":100},"functions":{"total":1,"covered":1,"skipped":0,"pct":100},"statements":{"total":32,"covered":32,"skipped":0,"pct":100},"branches":{"total":4,"covered":4,"skipped":0,"pct":100}}
,"C:\\Users\\constantinos\\Documents\\code\\DSF\\govcy-express-services\\src\\middleware\\govcyRequestTimer.mjs": {"lines":{"total":29,"covered":27,"skipped":0,"pct":93.1},"functions":{"total":1,"covered":1,"skipped":0,"pct":100},"statements":{"total":29,"covered":27,"skipped":0,"pct":93.1},"branches":{"total":4,"covered":3,"skipped":0,"pct":75}}
,"C:\\Users\\constantinos\\Documents\\code\\DSF\\govcy-express-services\\src\\middleware\\govcyReviewPageHandler.mjs": {"lines":{"total":143,"covered":141,"skipped":0,"pct":98.6},"functions":{"total":1,"covered":1,"skipped":0,"pct":100},"statements":{"total":143,"covered":141,"skipped":0,"pct":98.6},"branches":{"total":15,"covered":10,"skipped":0,"pct":66.66}}
,"C:\\Users\\constantinos\\Documents\\code\\DSF\\govcy-express-services\\src\\middleware\\govcyReviewPostHandler.mjs": {"lines":{"total":288,"covered":270,"skipped":0,"pct":93.75},"functions":{"total":1,"covered":1,"skipped":0,"pct":100},"statements":{"total":288,"covered":270,"skipped":0,"pct":93.75},"branches":{"total":42,"covered":28,"skipped":0,"pct":66.66}}
,"C:\\Users\\constantinos\\Documents\\code\\DSF\\govcy-express-services\\src\\middleware\\govcyRoutePageHandler.mjs": {"lines":{"total":62,"covered":57,"skipped":0,"pct":91.93},"functions":{"total":1,"covered":1,"skipped":0,"pct":100},"statements":{"total":62,"covered":57,"skipped":0,"pct":91.93},"branches":{"total":12,"covered":7,"skipped":0,"pct":58.33}}
,"C:\\Users\\constantinos\\Documents\\code\\DSF\\govcy-express-services\\src\\middleware\\govcyServiceEligibilityHandler.mjs": {"lines":{"total":109,"covered":107,"skipped":0,"pct":98.16},"functions":{"total":2,"covered":2,"skipped":0,"pct":100},"statements":{"total":109,"covered":107,"skipped":0,"pct":98.16},"branches":{"total":35,"covered":28,"skipped":0,"pct":80}}
,"C:\\Users\\constantinos\\Documents\\code\\DSF\\govcy-express-services\\src\\middleware\\govcySessionData.mjs": {"lines":{"total":9,"covered":9,"skipped":0,"pct":100},"functions":{"total":1,"covered":1,"skipped":0,"pct":100},"statements":{"total":9,"covered":9,"skipped":0,"pct":100},"branches":{"total":2,"covered":2,"skipped":0,"pct":100}}
,"C:\\Users\\constantinos\\Documents\\code\\DSF\\govcy-express-services\\src\\middleware\\govcySuccessPageHandler.mjs": {"lines":{"total":125,"covered":121,"skipped":0,"pct":96.8},"functions":{"total":1,"covered":1,"skipped":0,"pct":100},"statements":{"total":125,"covered":121,"skipped":0,"pct":96.8},"branches":{"total":12,"covered":8,"skipped":0,"pct":66.66}}
,"C:\\Users\\constantinos\\Documents\\code\\DSF\\govcy-express-services\\src\\middleware\\govcyUpdateMyDetails.mjs": {"lines":{"total":795,"covered":739,"skipped":0,"pct":92.95},"functions":{"total":6,"covered":6,"skipped":0,"pct":100},"statements":{"total":795,"covered":739,"skipped":0,"pct":92.95},"branches":{"total":167,"covered":115,"skipped":0,"pct":68.86}}
,"C:\\Users\\constantinos\\Documents\\code\\DSF\\govcy-express-services\\src\\resources\\govcyResources.mjs": {"lines":{"total":1219,"covered":1188,"skipped":0,"pct":97.45},"functions":{"total":14,"covered":13,"skipped":0,"pct":92.85},"statements":{"total":1219,"covered":1188,"skipped":0,"pct":97.45},"branches":{"total":48,"covered":26,"skipped":0,"pct":54.16}}
,"C:\\Users\\constantinos\\Documents\\code\\DSF\\govcy-express-services\\src\\utils\\govcyApiDetection.mjs": {"lines":{"total":17,"covered":17,"skipped":0,"pct":100},"functions":{"total":1,"covered":1,"skipped":0,"pct":100},"statements":{"total":17,"covered":17,"skipped":0,"pct":100},"branches":{"total":6,"covered":6,"skipped":0,"pct":100}}
,"C:\\Users\\constantinos\\Documents\\code\\DSF\\govcy-express-services\\src\\utils\\govcyApiRequest.mjs": {"lines":{"total":150,"covered":144,"skipped":0,"pct":96},"functions":{"total":2,"covered":2,"skipped":0,"pct":100},"statements":{"total":150,"covered":144,"skipped":0,"pct":96},"branches":{"total":41,"covered":35,"skipped":0,"pct":85.36}}
,"C:\\Users\\constantinos\\Documents\\code\\DSF\\govcy-express-services\\src\\utils\\govcyApiResponse.mjs": {"lines":{"total":31,"covered":24,"skipped":0,"pct":77.41},"functions":{"total":2,"covered":1,"skipped":0,"pct":50},"statements":{"total":31,"covered":24,"skipped":0,"pct":77.41},"branches":{"total":2,"covered":2,"skipped":0,"pct":100}}
,"C:\\Users\\constantinos\\Documents\\code\\DSF\\govcy-express-services\\src\\utils\\govcyConstants.mjs": {"lines":{"total":20,"covered":20,"skipped":0,"pct":100},"functions":{"total":0,"covered":0,"skipped":0,"pct":100},"statements":{"total":20,"covered":20,"skipped":0,"pct":100},"branches":{"total":1,"covered":1,"skipped":0,"pct":100}}
,"C:\\Users\\constantinos\\Documents\\code\\DSF\\govcy-express-services\\src\\utils\\govcyCustomPages.mjs": {"lines":{"total":260,"covered":254,"skipped":0,"pct":97.69},"functions":{"total":10,"covered":10,"skipped":0,"pct":100},"statements":{"total":260,"covered":254,"skipped":0,"pct":97.69},"branches":{"total":45,"covered":42,"skipped":0,"pct":93.33}}
,"C:\\Users\\constantinos\\Documents\\code\\DSF\\govcy-express-services\\src\\utils\\govcyDataLayer.mjs": {"lines":{"total":760,"covered":736,"skipped":0,"pct":96.84},"functions":{"total":32,"covered":32,"skipped":0,"pct":100},"statements":{"total":760,"covered":736,"skipped":0,"pct":96.84},"branches":{"total":192,"covered":174,"skipped":0,"pct":90.62}}
,"C:\\Users\\constantinos\\Documents\\code\\DSF\\govcy-express-services\\src\\utils\\govcyEnvVariables.mjs": {"lines":{"total":76,"covered":72,"skipped":0,"pct":94.73},"functions":{"total":5,"covered":4,"skipped":0,"pct":80},"statements":{"total":76,"covered":72,"skipped":0,"pct":94.73},"branches":{"total":8,"covered":6,"skipped":0,"pct":75}}
,"C:\\Users\\constantinos\\Documents\\code\\DSF\\govcy-express-services\\src\\utils\\govcyExpressions.mjs": {"lines":{"total":210,"covered":205,"skipped":0,"pct":97.61},"functions":{"total":5,"covered":5,"skipped":0,"pct":100},"statements":{"total":210,"covered":205,"skipped":0,"pct":97.61},"branches":{"total":38,"covered":36,"skipped":0,"pct":94.73}}
,"C:\\Users\\constantinos\\Documents\\code\\DSF\\govcy-express-services\\src\\utils\\govcyFormHandling.mjs": {"lines":{"total":368,"covered":363,"skipped":0,"pct":98.64},"functions":{"total":3,"covered":3,"skipped":0,"pct":100},"statements":{"total":368,"covered":363,"skipped":0,"pct":98.64},"branches":{"total":94,"covered":82,"skipped":0,"pct":87.23}}
,"C:\\Users\\constantinos\\Documents\\code\\DSF\\govcy-express-services\\src\\utils\\govcyHandleFiles.mjs": {"lines":{"total":362,"covered":327,"skipped":0,"pct":90.33},"functions":{"total":4,"covered":4,"skipped":0,"pct":100},"statements":{"total":362,"covered":327,"skipped":0,"pct":90.33},"branches":{"total":77,"covered":59,"skipped":0,"pct":76.62}}
,"C:\\Users\\constantinos\\Documents\\code\\DSF\\govcy-express-services\\src\\utils\\govcyLoadConfigData.mjs": {"lines":{"total":140,"covered":124,"skipped":0,"pct":88.57},"functions":{"total":4,"covered":4,"skipped":0,"pct":100},"statements":{"total":140,"covered":124,"skipped":0,"pct":88.57},"branches":{"total":26,"covered":20,"skipped":0,"pct":76.92}}
,"C:\\Users\\constantinos\\Documents\\code\\DSF\\govcy-express-services\\src\\utils\\govcyLoadSubmissionDataAPIs.mjs": {"lines":{"total":142,"covered":131,"skipped":0,"pct":92.25},"functions":{"total":1,"covered":1,"skipped":0,"pct":100},"statements":{"total":142,"covered":131,"skipped":0,"pct":92.25},"branches":{"total":34,"covered":21,"skipped":0,"pct":61.76}}
,"C:\\Users\\constantinos\\Documents\\code\\DSF\\govcy-express-services\\src\\utils\\govcyLogger.mjs": {"lines":{"total":30,"covered":30,"skipped":0,"pct":100},"functions":{"total":6,"covered":6,"skipped":0,"pct":100},"statements":{"total":30,"covered":30,"skipped":0,"pct":100},"branches":{"total":9,"covered":8,"skipped":0,"pct":88.88}}
,"C:\\Users\\constantinos\\Documents\\code\\DSF\\govcy-express-services\\src\\utils\\govcyMultipleThingsValidation.mjs": {"lines":{"total":132,"covered":132,"skipped":0,"pct":100},"functions":{"total":2,"covered":2,"skipped":0,"pct":100},"statements":{"total":132,"covered":132,"skipped":0,"pct":100},"branches":{"total":24,"covered":18,"skipped":0,"pct":75}}
,"C:\\Users\\constantinos\\Documents\\code\\DSF\\govcy-express-services\\src\\utils\\govcyNotification.mjs": {"lines":{"total":84,"covered":63,"skipped":0,"pct":75},"functions":{"total":1,"covered":1,"skipped":0,"pct":100},"statements":{"total":84,"covered":63,"skipped":0,"pct":75},"branches":{"total":7,"covered":2,"skipped":0,"pct":28.57}}
,"C:\\Users\\constantinos\\Documents\\code\\DSF\\govcy-express-services\\src\\utils\\govcyPdfMaker.mjs": {"lines":{"total":27,"covered":27,"skipped":0,"pct":100},"functions":{"total":1,"covered":1,"skipped":0,"pct":100},"statements":{"total":27,"covered":27,"skipped":0,"pct":100},"branches":{"total":2,"covered":2,"skipped":0,"pct":100}}
,"C:\\Users\\constantinos\\Documents\\code\\DSF\\govcy-express-services\\src\\utils\\govcyReviewSummary.mjs": {"lines":{"total":205,"covered":167,"skipped":0,"pct":81.46},"functions":{"total":6,"covered":4,"skipped":0,"pct":66.66},"statements":{"total":205,"covered":167,"skipped":0,"pct":81.46},"branches":{"total":30,"covered":19,"skipped":0,"pct":63.33}}
,"C:\\Users\\constantinos\\Documents\\code\\DSF\\govcy-express-services\\src\\utils\\govcySubmitData.mjs": {"lines":{"total":1010,"covered":970,"skipped":0,"pct":96.03},"functions":{"total":14,"covered":14,"skipped":0,"pct":100},"statements":{"total":1010,"covered":970,"skipped":0,"pct":96.03},"branches":{"total":207,"covered":148,"skipped":0,"pct":71.49}}
,"C:\\Users\\constantinos\\Documents\\code\\DSF\\govcy-express-services\\src\\utils\\govcyTempSave.mjs": {"lines":{"total":71,"covered":66,"skipped":0,"pct":92.95},"functions":{"total":1,"covered":1,"skipped":0,"pct":100},"statements":{"total":71,"covered":66,"skipped":0,"pct":92.95},"branches":{"total":24,"covered":16,"skipped":0,"pct":66.66}}
,"C:\\Users\\constantinos\\Documents\\code\\DSF\\govcy-express-services\\src\\utils\\govcyUtils.mjs": {"lines":{"total":25,"covered":25,"skipped":0,"pct":100},"functions":{"total":2,"covered":2,"skipped":0,"pct":100},"statements":{"total":25,"covered":25,"skipped":0,"pct":100},"branches":{"total":6,"covered":6,"skipped":0,"pct":100}}
,"C:\\Users\\constantinos\\Documents\\code\\DSF\\govcy-express-services\\src\\utils\\govcyValidator.mjs": {"lines":{"total":486,"covered":457,"skipped":0,"pct":94.03},"functions":{"total":43,"covered":43,"skipped":0,"pct":100},"statements":{"total":486,"covered":457,"skipped":0,"pct":94.03},"branches":{"total":155,"covered":140,"skipped":0,"pct":90.32}}
}
