{"total": {"lines":{"total":9449,"covered":8966,"skipped":0,"pct":94.88},"statements":{"total":9449,"covered":8966,"skipped":0,"pct":94.88},"functions":{"total":194,"covered":189,"skipped":0,"pct":97.42},"branches":{"total":1678,"covered":1312,"skipped":0,"pct":78.18},"branchesTrue":{"total":0,"covered":0,"skipped":0,"pct":100}}
,"C:\\Users\\constantinos\\Documents\\code\\DSF\\govcy-express-services\\src\\index.mjs": {"lines":{"total":362,"covered":357,"skipped":0,"pct":98.61},"functions":{"total":3,"covered":3,"skipped":0,"pct":100},"statements":{"total":362,"covered":357,"skipped":0,"pct":98.61},"branches":{"total":8,"covered":6,"skipped":0,"pct":75}}
,"C:\\Users\\constantinos\\Documents\\code\\DSF\\govcy-express-services\\src\\auth\\cyLoginAuth.mjs": {"lines":{"total":134,"covered":134,"skipped":0,"pct":100},"functions":{"total":4,"covered":4,"skipped":0,"pct":100},"statements":{"total":134,"covered":134,"skipped":0,"pct":100},"branches":{"total":7,"covered":7,"skipped":0,"pct":100}}
,"C:\\Users\\constantinos\\Documents\\code\\DSF\\govcy-express-services\\src\\middleware\\cyLoginAuth.mjs": {"lines":{"total":141,"covered":141,"skipped":0,"pct":100},"functions":{"total":5,"covered":5,"skipped":0,"pct":100},"statements":{"total":141,"covered":141,"skipped":0,"pct":100},"branches":{"total":6,"covered":6,"skipped":0,"pct":100}}
,"C:\\Users\\constantinos\\Documents\\code\\DSF\\govcy-express-services\\src\\middleware\\govcyConfigSiteData.mjs": {"lines":{"total":42,"covered":36,"skipped":0,"pct":85.71},"functions":{"total":1,"covered":1,"skipped":0,"pct":100},"statements":{"total":42,"covered":36,"skipped":0,"pct":85.71},"branches":{"total":6,"covered":5,"skipped":0,"pct":83.33}}
,"C:\\Users\\constantinos\\Documents\\code\\DSF\\govcy-express-services\\src\\middleware\\govcyCsrf.mjs": {"lines":{"total":50,"covered":50,"skipped":0,"pct":100},"functions":{"total":3,"covered":3,"skipped":0,"pct":100},"statements":{"total":50,"covered":50,"skipped":0,"pct":100},"branches":{"total":14,"covered":14,"skipped":0,"pct":100}}
,"C:\\Users\\constantinos\\Documents\\code\\DSF\\govcy-express-services\\src\\middleware\\govcyFileDeleteHandler.mjs": {"lines":{"total":350,"covered":337,"skipped":0,"pct":96.28},"functions":{"total":2,"covered":2,"skipped":0,"pct":100},"statements":{"total":350,"covered":337,"skipped":0,"pct":96.28},"branches":{"total":75,"covered":62,"skipped":0,"pct":82.66}}
,"C:\\Users\\constantinos\\Documents\\code\\DSF\\govcy-express-services\\src\\middleware\\govcyFileUpload.mjs": {"lines":{"total":51,"covered":51,"skipped":0,"pct":100},"functions":{"total":1,"covered":1,"skipped":0,"pct":100},"statements":{"total":51,"covered":51,"skipped":0,"pct":100},"branches":{"total":1,"covered":1,"skipped":0,"pct":100}}
,"C:\\Users\\constantinos\\Documents\\code\\DSF\\govcy-express-services\\src\\middleware\\govcyFileViewHandler.mjs": {"lines":{"total":185,"covered":179,"skipped":0,"pct":96.75},"functions":{"total":3,"covered":3,"skipped":0,"pct":100},"statements":{"total":185,"covered":179,"skipped":0,"pct":96.75},"branches":{"total":57,"covered":47,"skipped":0,"pct":82.45}}
,"C:\\Users\\constantinos\\Documents\\code\\DSF\\govcy-express-services\\src\\middleware\\govcyFormsPostHandler.mjs": {"lines":{"total":128,"covered":121,"skipped":0,"pct":94.53},"functions":{"total":1,"covered":1,"skipped":0,"pct":100},"statements":{"total":128,"covered":121,"skipped":0,"pct":94.53},"branches":{"total":24,"covered":20,"skipped":0,"pct":83.33}}
,"C:\\Users\\constantinos\\Documents\\code\\DSF\\govcy-express-services\\src\\middleware\\govcyHeadersControl.mjs": {"lines":{"total":22,"covered":22,"skipped":0,"pct":100},"functions":{"total":1,"covered":1,"skipped":0,"pct":100},"statements":{"total":22,"covered":22,"skipped":0,"pct":100},"branches":{"total":2,"covered":2,"skipped":0,"pct":100}}
,"C:\\Users\\constantinos\\Documents\\code\\DSF\\govcy-express-services\\src\\middleware\\govcyHttpErrorHandler.mjs": {"lines":{"total":70,"covered":70,"skipped":0,"pct":100},"functions":{"total":1,"covered":1,"skipped":0,"pct":100},"statements":{"total":70,"covered":70,"skipped":0,"pct":100},"branches":{"total":13,"covered":12,"skipped":0,"pct":92.3}}
,"C:\\Users\\constantinos\\Documents\\code\\DSF\\govcy-express-services\\src\\middleware\\govcyLanguageMiddleware.mjs": {"lines":{"total":19,"covered":19,"skipped":0,"pct":100},"functions":{"total":1,"covered":1,"skipped":0,"pct":100},"statements":{"total":19,"covered":19,"skipped":0,"pct":100},"branches":{"total":5,"covered":5,"skipped":0,"pct":100}}
,"C:\\Users\\constantinos\\Documents\\code\\DSF\\govcy-express-services\\src\\middleware\\govcyLoadSubmissionData.mjs": {"lines":{"total":22,"covered":22,"skipped":0,"pct":100},"functions":{"total":1,"covered":1,"skipped":0,"pct":100},"statements":{"total":22,"covered":22,"skipped":0,"pct":100},"branches":{"total":4,"covered":4,"skipped":0,"pct":100}}
,"C:\\Users\\constantinos\\Documents\\code\\DSF\\govcy-express-services\\src\\middleware\\govcyLogger.mjs": {"lines":{"total":15,"covered":15,"skipped":0,"pct":100},"functions":{"total":1,"covered":1,"skipped":0,"pct":100},"statements":{"total":15,"covered":15,"skipped":0,"pct":100},"branches":{"total":2,"covered":2,"skipped":0,"pct":100}}
,"C:\\Users\\constantinos\\Documents\\code\\DSF\\govcy-express-services\\src\\middleware\\govcyManifestHandler.mjs": {"lines":{"total":46,"covered":46,"skipped":0,"pct":100},"functions":{"total":1,"covered":1,"skipped":0,"pct":100},"statements":{"total":46,"covered":46,"skipped":0,"pct":100},"branches":{"total":4,"covered":4,"skipped":0,"pct":100}}
,"C:\\Users\\constantinos\\Documents\\code\\DSF\\govcy-express-services\\src\\middleware\\govcyMultipleThingsDeleteHandler.mjs": {"lines":{"total":233,"covered":220,"skipped":0,"pct":94.42},"functions":{"total":2,"covered":2,"skipped":0,"pct":100},"statements":{"total":233,"covered":220,"skipped":0,"pct":94.42},"branches":{"total":50,"covered":42,"skipped":0,"pct":84}}
,"C:\\Users\\constantinos\\Documents\\code\\DSF\\govcy-express-services\\src\\middleware\\govcyMultipleThingsHubHandler.mjs": {"lines":{"total":246,"covered":225,"skipped":0,"pct":91.46},"functions":{"total":1,"covered":1,"skipped":0,"pct":100},"statements":{"total":246,"covered":225,"skipped":0,"pct":91.46},"branches":{"total":47,"covered":30,"skipped":0,"pct":63.82}}
,"C:\\Users\\constantinos\\Documents\\code\\DSF\\govcy-express-services\\src\\middleware\\govcyMultipleThingsItemPage.mjs": {"lines":{"total":460,"covered":410,"skipped":0,"pct":89.13},"functions":{"total":5,"covered":5,"skipped":0,"pct":100},"statements":{"total":460,"covered":410,"skipped":0,"pct":89.13},"branches":{"total":105,"covered":74,"skipped":0,"pct":70.47}}
,"C:\\Users\\constantinos\\Documents\\code\\DSF\\govcy-express-services\\src\\middleware\\govcyPDFRender.mjs": {"lines":{"total":34,"covered":34,"skipped":0,"pct":100},"functions":{"total":1,"covered":1,"skipped":0,"pct":100},"statements":{"total":34,"covered":34,"skipped":0,"pct":100},"branches":{"total":2,"covered":2,"skipped":0,"pct":100}}
,"C:\\Users\\constantinos\\Documents\\code\\DSF\\govcy-express-services\\src\\middleware\\govcyPageHandler.mjs": {"lines":{"total":137,"covered":131,"skipped":0,"pct":95.62},"functions":{"total":1,"covered":1,"skipped":0,"pct":100},"statements":{"total":137,"covered":131,"skipped":0,"pct":95.62},"branches":{"total":21,"covered":17,"skipped":0,"pct":80.95}}
,"C:\\Users\\constantinos\\Documents\\code\\DSF\\govcy-express-services\\src\\middleware\\govcyPageRender.mjs": {"lines":{"total":32,"covered":32,"skipped":0,"pct":100},"functions":{"total":1,"covered":1,"skipped":0,"pct":100},"statements":{"total":32,"covered":32,"skipped":0,"pct":100},"branches":{"total":4,"covered":4,"skipped":0,"pct":100}}
,"C:\\Users\\constantinos\\Documents\\code\\DSF\\govcy-express-services\\src\\middleware\\govcyRequestTimer.mjs": {"lines":{"total":29,"covered":27,"skipped":0,"pct":93.1},"functions":{"total":1,"covered":1,"skipped":0,"pct":100},"statements":{"total":29,"covered":27,"skipped":0,"pct":93.1},"branches":{"total":4,"covered":3,"skipped":0,"pct":75}}
,"C:\\Users\\constantinos\\Documents\\code\\DSF\\govcy-express-services\\src\\middleware\\govcyReviewPageHandler.mjs": {"lines":{"total":140,"covered":138,"skipped":0,"pct":98.57},"functions":{"total":1,"covered":1,"skipped":0,"pct":100},"statements":{"total":140,"covered":138,"skipped":0,"pct":98.57},"branches":{"total":13,"covered":9,"skipped":0,"pct":69.23}}
,"C:\\Users\\constantinos\\Documents\\code\\DSF\\govcy-express-services\\src\\middleware\\govcyReviewPostHandler.mjs": {"lines":{"total":229,"covered":214,"skipped":0,"pct":93.44},"functions":{"total":1,"covered":1,"skipped":0,"pct":100},"statements":{"total":229,"covered":214,"skipped":0,"pct":93.44},"branches":{"total":36,"covered":24,"skipped":0,"pct":66.66}}
,"C:\\Users\\constantinos\\Documents\\code\\DSF\\govcy-express-services\\src\\middleware\\govcyRoutePageHandler.mjs": {"lines":{"total":55,"covered":52,"skipped":0,"pct":94.54},"functions":{"total":1,"covered":1,"skipped":0,"pct":100},"statements":{"total":55,"covered":52,"skipped":0,"pct":94.54},"branches":{"total":10,"covered":7,"skipped":0,"pct":70}}
,"C:\\Users\\constantinos\\Documents\\code\\DSF\\govcy-express-services\\src\\middleware\\govcyServiceEligibilityHandler.mjs": {"lines":{"total":106,"covered":104,"skipped":0,"pct":98.11},"functions":{"total":2,"covered":2,"skipped":0,"pct":100},"statements":{"total":106,"covered":104,"skipped":0,"pct":98.11},"branches":{"total":35,"covered":28,"skipped":0,"pct":80}}
,"C:\\Users\\constantinos\\Documents\\code\\DSF\\govcy-express-services\\src\\middleware\\govcySessionData.mjs": {"lines":{"total":9,"covered":9,"skipped":0,"pct":100},"functions":{"total":1,"covered":1,"skipped":0,"pct":100},"statements":{"total":9,"covered":9,"skipped":0,"pct":100},"branches":{"total":2,"covered":2,"skipped":0,"pct":100}}
,"C:\\Users\\constantinos\\Documents\\code\\DSF\\govcy-express-services\\src\\middleware\\govcySuccessPageHandler.mjs": {"lines":{"total":116,"covered":112,"skipped":0,"pct":96.55},"functions":{"total":1,"covered":1,"skipped":0,"pct":100},"statements":{"total":116,"covered":112,"skipped":0,"pct":96.55},"branches":{"total":10,"covered":6,"skipped":0,"pct":60}}
,"C:\\Users\\constantinos\\Documents\\code\\DSF\\govcy-express-services\\src\\middleware\\govcyUpdateMyDetails.mjs": {"lines":{"total":791,"covered":735,"skipped":0,"pct":92.92},"functions":{"total":6,"covered":6,"skipped":0,"pct":100},"statements":{"total":791,"covered":735,"skipped":0,"pct":92.92},"branches":{"total":165,"covered":113,"skipped":0,"pct":68.48}}
,"C:\\Users\\constantinos\\Documents\\code\\DSF\\govcy-express-services\\src\\resources\\govcyResources.mjs": {"lines":{"total":1090,"covered":1059,"skipped":0,"pct":97.15},"functions":{"total":14,"covered":13,"skipped":0,"pct":92.85},"statements":{"total":1090,"covered":1059,"skipped":0,"pct":97.15},"branches":{"total":48,"covered":25,"skipped":0,"pct":52.08}}
,"C:\\Users\\constantinos\\Documents\\code\\DSF\\govcy-express-services\\src\\utils\\govcyApiDetection.mjs": {"lines":{"total":17,"covered":17,"skipped":0,"pct":100},"functions":{"total":1,"covered":1,"skipped":0,"pct":100},"statements":{"total":17,"covered":17,"skipped":0,"pct":100},"branches":{"total":6,"covered":6,"skipped":0,"pct":100}}
,"C:\\Users\\constantinos\\Documents\\code\\DSF\\govcy-express-services\\src\\utils\\govcyApiRequest.mjs": {"lines":{"total":150,"covered":144,"skipped":0,"pct":96},"functions":{"total":2,"covered":2,"skipped":0,"pct":100},"statements":{"total":150,"covered":144,"skipped":0,"pct":96},"branches":{"total":41,"covered":35,"skipped":0,"pct":85.36}}
,"C:\\Users\\constantinos\\Documents\\code\\DSF\\govcy-express-services\\src\\utils\\govcyApiResponse.mjs": {"lines":{"total":31,"covered":24,"skipped":0,"pct":77.41},"functions":{"total":2,"covered":1,"skipped":0,"pct":50},"statements":{"total":31,"covered":24,"skipped":0,"pct":77.41},"branches":{"total":2,"covered":2,"skipped":0,"pct":100}}
,"C:\\Users\\constantinos\\Documents\\code\\DSF\\govcy-express-services\\src\\utils\\govcyConstants.mjs": {"lines":{"total":20,"covered":20,"skipped":0,"pct":100},"functions":{"total":0,"covered":0,"skipped":0,"pct":100},"statements":{"total":20,"covered":20,"skipped":0,"pct":100},"branches":{"total":1,"covered":1,"skipped":0,"pct":100}}
,"C:\\Users\\constantinos\\Documents\\code\\DSF\\govcy-express-services\\src\\utils\\govcyDataLayer.mjs": {"lines":{"total":743,"covered":721,"skipped":0,"pct":97.03},"functions":{"total":31,"covered":31,"skipped":0,"pct":100},"statements":{"total":743,"covered":721,"skipped":0,"pct":97.03},"branches":{"total":188,"covered":171,"skipped":0,"pct":90.95}}
,"C:\\Users\\constantinos\\Documents\\code\\DSF\\govcy-express-services\\src\\utils\\govcyEnvVariables.mjs": {"lines":{"total":76,"covered":72,"skipped":0,"pct":94.73},"functions":{"total":5,"covered":4,"skipped":0,"pct":80},"statements":{"total":76,"covered":72,"skipped":0,"pct":94.73},"branches":{"total":8,"covered":6,"skipped":0,"pct":75}}
,"C:\\Users\\constantinos\\Documents\\code\\DSF\\govcy-express-services\\src\\utils\\govcyExpressions.mjs": {"lines":{"total":210,"covered":205,"skipped":0,"pct":97.61},"functions":{"total":5,"covered":5,"skipped":0,"pct":100},"statements":{"total":210,"covered":205,"skipped":0,"pct":97.61},"branches":{"total":38,"covered":36,"skipped":0,"pct":94.73}}
,"C:\\Users\\constantinos\\Documents\\code\\DSF\\govcy-express-services\\src\\utils\\govcyFormHandling.mjs": {"lines":{"total":297,"covered":294,"skipped":0,"pct":98.98},"functions":{"total":2,"covered":2,"skipped":0,"pct":100},"statements":{"total":297,"covered":294,"skipped":0,"pct":98.98},"branches":{"total":76,"covered":67,"skipped":0,"pct":88.15}}
,"C:\\Users\\constantinos\\Documents\\code\\DSF\\govcy-express-services\\src\\utils\\govcyHandleFiles.mjs": {"lines":{"total":362,"covered":327,"skipped":0,"pct":90.33},"functions":{"total":4,"covered":4,"skipped":0,"pct":100},"statements":{"total":362,"covered":327,"skipped":0,"pct":90.33},"branches":{"total":77,"covered":59,"skipped":0,"pct":76.62}}
,"C:\\Users\\constantinos\\Documents\\code\\DSF\\govcy-express-services\\src\\utils\\govcyLoadConfigData.mjs": {"lines":{"total":140,"covered":124,"skipped":0,"pct":88.57},"functions":{"total":4,"covered":4,"skipped":0,"pct":100},"statements":{"total":140,"covered":124,"skipped":0,"pct":88.57},"branches":{"total":26,"covered":20,"skipped":0,"pct":76.92}}
,"C:\\Users\\constantinos\\Documents\\code\\DSF\\govcy-express-services\\src\\utils\\govcyLoadSubmissionDataAPIs.mjs": {"lines":{"total":142,"covered":131,"skipped":0,"pct":92.25},"functions":{"total":1,"covered":1,"skipped":0,"pct":100},"statements":{"total":142,"covered":131,"skipped":0,"pct":92.25},"branches":{"total":34,"covered":21,"skipped":0,"pct":61.76}}
,"C:\\Users\\constantinos\\Documents\\code\\DSF\\govcy-express-services\\src\\utils\\govcyLogger.mjs": {"lines":{"total":30,"covered":30,"skipped":0,"pct":100},"functions":{"total":6,"covered":6,"skipped":0,"pct":100},"statements":{"total":30,"covered":30,"skipped":0,"pct":100},"branches":{"total":9,"covered":8,"skipped":0,"pct":88.88}}
,"C:\\Users\\constantinos\\Documents\\code\\DSF\\govcy-express-services\\src\\utils\\govcyMultipleThingsValidation.mjs": {"lines":{"total":132,"covered":132,"skipped":0,"pct":100},"functions":{"total":2,"covered":2,"skipped":0,"pct":100},"statements":{"total":132,"covered":132,"skipped":0,"pct":100},"branches":{"total":24,"covered":18,"skipped":0,"pct":75}}
,"C:\\Users\\constantinos\\Documents\\code\\DSF\\govcy-express-services\\src\\utils\\govcyNotification.mjs": {"lines":{"total":84,"covered":63,"skipped":0,"pct":75},"functions":{"total":1,"covered":1,"skipped":0,"pct":100},"statements":{"total":84,"covered":63,"skipped":0,"pct":75},"branches":{"total":7,"covered":2,"skipped":0,"pct":28.57}}
,"C:\\Users\\constantinos\\Documents\\code\\DSF\\govcy-express-services\\src\\utils\\govcyPdfMaker.mjs": {"lines":{"total":27,"covered":27,"skipped":0,"pct":100},"functions":{"total":1,"covered":1,"skipped":0,"pct":100},"statements":{"total":27,"covered":27,"skipped":0,"pct":100},"branches":{"total":2,"covered":2,"skipped":0,"pct":100}}
,"C:\\Users\\constantinos\\Documents\\code\\DSF\\govcy-express-services\\src\\utils\\govcyReviewSummary.mjs": {"lines":{"total":205,"covered":167,"skipped":0,"pct":81.46},"functions":{"total":6,"covered":4,"skipped":0,"pct":66.66},"statements":{"total":205,"covered":167,"skipped":0,"pct":81.46},"branches":{"total":30,"covered":19,"skipped":0,"pct":63.33}}
,"C:\\Users\\constantinos\\Documents\\code\\DSF\\govcy-express-services\\src\\utils\\govcySubmitData.mjs": {"lines":{"total":875,"covered":836,"skipped":0,"pct":95.54},"functions":{"total":14,"covered":14,"skipped":0,"pct":100},"statements":{"total":875,"covered":836,"skipped":0,"pct":95.54},"branches":{"total":154,"covered":107,"skipped":0,"pct":69.48}}
,"C:\\Users\\constantinos\\Documents\\code\\DSF\\govcy-express-services\\src\\utils\\govcyTempSave.mjs": {"lines":{"total":71,"covered":66,"skipped":0,"pct":92.95},"functions":{"total":1,"covered":1,"skipped":0,"pct":100},"statements":{"total":71,"covered":66,"skipped":0,"pct":92.95},"branches":{"total":24,"covered":16,"skipped":0,"pct":66.66}}
,"C:\\Users\\constantinos\\Documents\\code\\DSF\\govcy-express-services\\src\\utils\\govcyUtils.mjs": {"lines":{"total":25,"covered":25,"skipped":0,"pct":100},"functions":{"total":2,"covered":2,"skipped":0,"pct":100},"statements":{"total":25,"covered":25,"skipped":0,"pct":100},"branches":{"total":6,"covered":6,"skipped":0,"pct":100}}
,"C:\\Users\\constantinos\\Documents\\code\\DSF\\govcy-express-services\\src\\utils\\govcyValidator.mjs": {"lines":{"total":468,"covered":439,"skipped":0,"pct":93.8},"functions":{"total":36,"covered":36,"skipped":0,"pct":100},"statements":{"total":468,"covered":439,"skipped":0,"pct":93.8},"branches":{"total":145,"covered":127,"skipped":0,"pct":87.58}}
}
